[0.011s] Invoking command in '/home/turtlebot4/ros2_ws/depthai-ros-humble/build/depthai_ros_msgs': CMAKE_PREFIX_PATH=/opt/ros/humble /usr/bin/cmake /home/turtlebot4/ros2_ws/depthai-ros-humble/depthai_ros_msgs -DCMAKE_INSTALL_PREFIX=/home/turtlebot4/ros2_ws/depthai-ros-humble/install/depthai_ros_msgs
[0.026s] -- Found ament_cmake: 1.3.12 (/opt/ros/humble/share/ament_cmake/cmake)
[0.146s] -- ------------------------------------------
[0.146s] -- Depthai ROS MSGS/INTERFACES is being built using AMENT.
[0.146s] -- ------------------------------------------
[0.147s] -- Found geometry_msgs: 4.9.0 (/opt/ros/humble/share/geometry_msgs/cmake)
[0.168s] -- Found rosidl_generator_c: 3.1.7 (/opt/ros/humble/share/rosidl_generator_c/cmake)
[0.171s] -- Found rosidl_adapter: 3.1.7 (/opt/ros/humble/share/rosidl_adapter/cmake)
[0.177s] -- Found rosidl_generator_cpp: 3.1.7 (/opt/ros/humble/share/rosidl_generator_cpp/cmake)
[0.185s] -- Using all available rosidl_typesupport_c: rosidl_typesupport_fastrtps_c;rosidl_typesupport_introspection_c
[0.196s] -- Using all available rosidl_typesupport_cpp: rosidl_typesupport_fastrtps_cpp;rosidl_typesupport_introspection_cpp
[0.245s] -- Found vision_msgs: 4.1.1 (/opt/ros/humble/share/vision_msgs/cmake)
[0.259s] -- Found sensor_msgs: 4.9.0 (/opt/ros/humble/share/sensor_msgs/cmake)
[0.275s] -- Found rosidl_default_generators: 1.2.0 (/opt/ros/humble/share/rosidl_default_generators/cmake)
[0.373s] [31mCMake Error at /opt/ros/humble/share/rosidl_adapter/cmake/rosidl_adapt_interfaces.cmake:59 (message):
[0.373s]   execute_process(/home/turtlebot4/anaconda3/bin/python3 -m rosidl_adapter
[0.373s]   --package-name depthai_ros_msgs --arguments-file
[0.373s]   /home/turtlebot4/ros2_ws/depthai-ros-humble/build/depthai_ros_msgs/rosidl_adapter__arguments__depthai_ros_msgs.json
[0.373s]   --output-dir
[0.373s]   /home/turtlebot4/ros2_ws/depthai-ros-humble/build/depthai_ros_msgs/rosidl_adapter/depthai_ros_msgs
[0.373s]   --output-file
[0.373s]   /home/turtlebot4/ros2_ws/depthai-ros-humble/build/depthai_ros_msgs/rosidl_adapter/depthai_ros_msgs.idls)
[0.373s]   returned error code 1:
[0.373s] 
[0.373s]   Traceback (most recent call last):
[0.373s] 
[0.373s]     File "<frozen runpy>", line 198, in _run_module_as_main
[0.373s]     File "<frozen runpy>", line 88, in _run_code
[0.373s]     File "/opt/ros/humble/local/lib/python3.10/dist-packages/rosidl_adapter/__main__.py", line 19, in <module>
[0.373s]       sys.exit(main())
[0.373s]                ^^^^^^
[0.373s]     File "/opt/ros/humble/local/lib/python3.10/dist-packages/rosidl_adapter/main.py", line 53, in main
[0.374s]       abs_idl_file = convert_to_idl(
[0.374s]                      ^^^^^^^^^^^^^^^
[0.374s]     File "/opt/ros/humble/local/lib/python3.10/dist-packages/rosidl_adapter/__init__.py", line 23, in convert_to_idl
[0.374s]       from rosidl_adapter.srv import convert_srv_to_idl
[0.374s]     File "/opt/ros/humble/local/lib/python3.10/dist-packages/rosidl_adapter/srv/__init__.py", line 16, in <module>
[0.374s]       from rosidl_adapter.resource import expand_template
[0.374s]     File "/opt/ros/humble/local/lib/python3.10/dist-packages/rosidl_adapter/resource/__init__.py", line 19, in <module>
[0.374s]       import em
[0.374s] 
[0.374s]   ModuleNotFoundError: No module named 'em'
[0.374s] 
[0.374s] Call Stack (most recent call first):
[0.374s]   /opt/ros/humble/share/rosidl_cmake/cmake/rosidl_generate_interfaces.cmake:130 (rosidl_adapt_interfaces)
[0.374s]   CMakeLists.txt:22 (rosidl_generate_interfaces)
[0.374s] 
[0.374s] [0m
[0.374s] -- Configuring incomplete, errors occurred!
[0.374s] See also "/home/turtlebot4/ros2_ws/depthai-ros-humble/build/depthai_ros_msgs/CMakeFiles/CMakeOutput.log".
