[0.010s] Invoking command in '/home/turtlebot4/ros2_ws/depthai-ros-humble/build/depthai_descriptions': CMAKE_PREFIX_PATH=/opt/ros/humble CONDA_PROMPT_MODIFIER=(base) /usr/bin/cmake /home/turtlebot4/ros2_ws/depthai-ros-humble/depthai_descriptions -DCMAKE_INSTALL_PREFIX=/home/turtlebot4/ros2_ws/depthai-ros-humble/install/depthai_descriptions
[0.059s] -- The C compiler identification is GNU 11.4.0
[0.111s] -- The CXX compiler identification is GNU 11.4.0
[0.120s] -- Detecting C compiler ABI info
[0.175s] -- Detecting C compiler ABI info - done
[0.181s] -- Check for working C compiler: /usr/bin/cc - skipped
[0.182s] -- Detecting C compile features
[0.182s] -- Detecting C compile features - done
[0.184s] -- Detecting CXX compiler ABI info
[0.254s] -- Detecting CXX compiler ABI info - done
[0.260s] -- Check for working CXX compiler: /usr/bin/c++ - skipped
[0.261s] -- Detecting CXX compile features
[0.261s] -- Detecting CXX compile features - done
[0.263s] -- Found ament_cmake: 1.3.12 (/opt/ros/humble/share/ament_cmake/cmake)
[0.592s] -- Found Python3: /home/turtlebot4/anaconda3/bin/python3 (found version "3.12.7") found components: Interpreter 
[0.708s] Traceback (most recent call last):
[0.712s]   File "/opt/ros/humble/share/ament_cmake_core/cmake/core/package_xml_2_cmake.py", line 22, in <module>
[0.712s]     from catkin_pkg.package import parse_package_string
[0.712s] ModuleNotFoundError: No module named 'catkin_pkg'
[0.712s] [31mCMake Error at /opt/ros/humble/share/ament_cmake_core/cmake/core/ament_package_xml.cmake:95 (message):
[0.713s]   execute_process(/home/turtlebot4/anaconda3/bin/python3
[0.713s]   /opt/ros/humble/share/ament_cmake_core/cmake/core/package_xml_2_cmake.py
[0.713s]   /home/turtlebot4/ros2_ws/depthai-ros-humble/depthai_descriptions/package.xml
[0.713s]   /home/turtlebot4/ros2_ws/depthai-ros-humble/build/depthai_descriptions/ament_cmake_core/package.cmake)
[0.713s]   returned error code 1
[0.713s] Call Stack (most recent call first):
[0.713s]   /opt/ros/humble/share/ament_cmake_core/cmake/core/ament_package_xml.cmake:49 (_ament_package_xml)
[0.713s]   /opt/ros/humble/share/ament_cmake_core/cmake/core/ament_package.cmake:63 (ament_package_xml)
[0.713s]   CMakeLists.txt:22 (ament_package)
[0.713s] 
[0.713s] [0m
[0.714s] -- Configuring incomplete, errors occurred!
[0.714s] See also "/home/turtlebot4/ros2_ws/depthai-ros-humble/build/depthai_descriptions/CMakeFiles/CMakeOutput.log".
[0.721s] Invoked command in '/home/turtlebot4/ros2_ws/depthai-ros-humble/build/depthai_descriptions' returned '1': CMAKE_PREFIX_PATH=/opt/ros/humble CONDA_PROMPT_MODIFIER=(base) /usr/bin/cmake /home/turtlebot4/ros2_ws/depthai-ros-humble/depthai_descriptions -DCMAKE_INSTALL_PREFIX=/home/turtlebot4/ros2_ws/depthai-ros-humble/install/depthai_descriptions
