[0.009s] Invoking command in '/home/turtlebot4/ros2_ws/depthai-ros-humble/build/depthai_descriptions': CMAKE_PREFIX_PATH=/opt/ros/humble /usr/bin/cmake /home/turtlebot4/ros2_ws/depthai-ros-humble/depthai_descriptions -DCMAKE_INSTALL_PREFIX=/home/turtlebot4/ros2_ws/depthai-ros-humble/install/depthai_descriptions
[0.026s] -- Found ament_cmake: 1.3.12 (/opt/ros/humble/share/ament_cmake/cmake)
[0.166s] Traceback (most recent call last):
[0.167s]   File "/opt/ros/humble/share/ament_cmake_core/cmake/core/package_xml_2_cmake.py", line 22, in <module>
[0.167s]     from catkin_pkg.package import parse_package_string
[0.167s] ModuleNotFoundError: No module named 'catkin_pkg'
[0.169s] [31mCMake Error at /opt/ros/humble/share/ament_cmake_core/cmake/core/ament_package_xml.cmake:95 (message):
[0.169s]   execute_process(/home/turtlebot4/anaconda3/bin/python3
[0.169s]   /opt/ros/humble/share/ament_cmake_core/cmake/core/package_xml_2_cmake.py
[0.169s]   /home/turtlebot4/ros2_ws/depthai-ros-humble/depthai_descriptions/package.xml
[0.170s]   /home/turtlebot4/ros2_ws/depthai-ros-humble/build/depthai_descriptions/ament_cmake_core/package.cmake)
[0.170s]   returned error code 1
[0.170s] Call Stack (most recent call first):
[0.170s]   /opt/ros/humble/share/ament_cmake_core/cmake/core/ament_package_xml.cmake:49 (_ament_package_xml)
[0.170s]   /opt/ros/humble/share/ament_cmake_core/cmake/core/ament_package.cmake:63 (ament_package_xml)
[0.170s]   CMakeLists.txt:22 (ament_package)
[0.170s] 
[0.170s] [0m
[0.170s] -- Configuring incomplete, errors occurred!
[0.170s] See also "/home/turtlebot4/ros2_ws/depthai-ros-humble/build/depthai_descriptions/CMakeFiles/CMakeOutput.log".
[0.172s] Invoked command in '/home/turtlebot4/ros2_ws/depthai-ros-humble/build/depthai_descriptions' returned '1': CMAKE_PREFIX_PATH=/opt/ros/humble /usr/bin/cmake /home/turtlebot4/ros2_ws/depthai-ros-humble/depthai_descriptions -DCMAKE_INSTALL_PREFIX=/home/turtlebot4/ros2_ws/depthai-ros-humble/install/depthai_descriptions
