[0.010s] Invoking command in '/home/turtlebot4/ros2_ws/depthai-ros-humble/build/depthai_ros_msgs': CMAKE_PREFIX_PATH=/opt/ros/humble CONDA_PROMPT_MODIFIER=(base) /usr/bin/cmake /home/turtlebot4/ros2_ws/depthai-ros-humble/depthai_ros_msgs -DCMAKE_INSTALL_PREFIX=/home/turtlebot4/ros2_ws/depthai-ros-humble/install/depthai_ros_msgs
[0.063s] -- The C compiler identification is GNU 11.4.0
[0.110s] -- The CXX compiler identification is GNU 11.4.0
[0.119s] -- Detecting C compiler ABI info
[0.178s] -- Detecting C compiler ABI info - done
[0.184s] -- Check for working C compiler: /usr/bin/cc - skipped
[0.184s] -- Detecting C compile features
[0.184s] -- Detecting C compile features - done
[0.187s] -- Detecting CXX compiler ABI info
[0.258s] -- Detecting CXX compiler ABI info - done
[0.265s] -- Check for working CXX compiler: /usr/bin/c++ - skipped
[0.265s] -- Detecting CXX compile features
[0.265s] -- Detecting CXX compile features - done
[0.268s] -- Found ament_cmake: 1.3.12 (/opt/ros/humble/share/ament_cmake/cmake)
[0.603s] -- Found Python3: /home/turtlebot4/anaconda3/bin/python3 (found version "3.12.7") found components: Interpreter 
[0.699s] -- ------------------------------------------
[0.699s] -- Depthai ROS MSGS/INTERFACES is being built using AMENT.
[0.699s] -- ------------------------------------------
[0.700s] -- Found geometry_msgs: 4.9.0 (/opt/ros/humble/share/geometry_msgs/cmake)
[0.741s] -- Found rosidl_generator_c: 3.1.7 (/opt/ros/humble/share/rosidl_generator_c/cmake)
[0.745s] -- Found rosidl_adapter: 3.1.7 (/opt/ros/humble/share/rosidl_adapter/cmake)
[0.754s] -- Found rosidl_generator_cpp: 3.1.7 (/opt/ros/humble/share/rosidl_generator_cpp/cmake)
[0.769s] -- Using all available rosidl_typesupport_c: rosidl_typesupport_fastrtps_c;rosidl_typesupport_introspection_c
[0.787s] -- Using all available rosidl_typesupport_cpp: rosidl_typesupport_fastrtps_cpp;rosidl_typesupport_introspection_cpp
[0.821s] -- Found vision_msgs: 4.1.1 (/opt/ros/humble/share/vision_msgs/cmake)
[0.844s] -- Found sensor_msgs: 4.9.0 (/opt/ros/humble/share/sensor_msgs/cmake)
[0.859s] -- Found rosidl_default_generators: 1.2.0 (/opt/ros/humble/share/rosidl_default_generators/cmake)
[0.959s] [31mCMake Error at /opt/ros/humble/share/rosidl_adapter/cmake/rosidl_adapt_interfaces.cmake:59 (message):
[0.959s]   execute_process(/home/turtlebot4/anaconda3/bin/python3 -m rosidl_adapter
[0.959s]   --package-name depthai_ros_msgs --arguments-file
[0.959s]   /home/turtlebot4/ros2_ws/depthai-ros-humble/build/depthai_ros_msgs/rosidl_adapter__arguments__depthai_ros_msgs.json
[0.959s]   --output-dir
[0.959s]   /home/turtlebot4/ros2_ws/depthai-ros-humble/build/depthai_ros_msgs/rosidl_adapter/depthai_ros_msgs
[0.959s]   --output-file
[0.959s]   /home/turtlebot4/ros2_ws/depthai-ros-humble/build/depthai_ros_msgs/rosidl_adapter/depthai_ros_msgs.idls)
[0.959s]   returned error code 1:
[0.959s] 
[0.959s]   Traceback (most recent call last):
[0.959s] 
[0.959s]     File "<frozen runpy>", line 198, in _run_module_as_main
[0.959s]     File "<frozen runpy>", line 88, in _run_code
[0.960s]     File "/opt/ros/humble/local/lib/python3.10/dist-packages/rosidl_adapter/__main__.py", line 19, in <module>
[0.960s]       sys.exit(main())
[0.960s]                ^^^^^^
[0.960s]     File "/opt/ros/humble/local/lib/python3.10/dist-packages/rosidl_adapter/main.py", line 53, in main
[0.960s]       abs_idl_file = convert_to_idl(
[0.960s]                      ^^^^^^^^^^^^^^^
[0.960s]     File "/opt/ros/humble/local/lib/python3.10/dist-packages/rosidl_adapter/__init__.py", line 23, in convert_to_idl
[0.960s]       from rosidl_adapter.srv import convert_srv_to_idl
[0.960s]     File "/opt/ros/humble/local/lib/python3.10/dist-packages/rosidl_adapter/srv/__init__.py", line 16, in <module>
[0.960s]       from rosidl_adapter.resource import expand_template
[0.960s]     File "/opt/ros/humble/local/lib/python3.10/dist-packages/rosidl_adapter/resource/__init__.py", line 19, in <module>
[0.960s]       import em
[0.960s] 
[0.960s]   ModuleNotFoundError: No module named 'em'
[0.960s] 
[0.960s] Call Stack (most recent call first):
[0.960s]   /opt/ros/humble/share/rosidl_cmake/cmake/rosidl_generate_interfaces.cmake:130 (rosidl_adapt_interfaces)
[0.960s]   CMakeLists.txt:22 (rosidl_generate_interfaces)
[0.961s] 
[0.961s] [0m
[0.961s] -- Configuring incomplete, errors occurred!
[0.961s] See also "/home/turtlebot4/ros2_ws/depthai-ros-humble/build/depthai_ros_msgs/CMakeFiles/CMakeOutput.log".
